<?xml version="1.0" encoding="UTF-8"?>
<!-- Generated by org.testng.reporters.JUnitXMLReporter -->
<testsuite hostname="Gudimalla-India" ignored="0" name="Test" tests="6" failures="0" timestamp="10 Apr 2021 05:06:41 GMT" time="0.108" errors="0">
  <testcase name="tc3" time="0.031" classname="launch.Time"/>
  <testcase name="tc6" time="0.045" classname="launch.Cases"/>
  <testcase name="tc1" time="0.045" classname="launch.Time"/>
  <testcase name="tc5" time="0.045" classname="launch.Cases"/>
  <testcase name="tc4" time="0.045" classname="launch.Cases"/>
  <testcase name="tc2" time="0.031" classname="launch.Time"/>
</testsuite> <!-- Test -->
